<?xml version="1.0" encoding="utf-8"?>
<TestRun id="0f2b0ea4-fdb5-4680-8dcd-dc970f32ad87" name="PATHAYAA@DESKTOP-4LLHASP 2026-04-16 15:45:08" runUser="DESKTOP-4LLHASP\PATHAYAA" xmlns="http://microsoft.com/schemas/VisualStudio/TeamTest/2010">
  <Times creation="2026-04-16T15:45:08.0769454+05:30" queuing="2026-04-16T15:45:08.0769462+05:30" start="2026-04-16T15:45:06.1104021+05:30" finish="2026-04-16T15:45:08.9275867+05:30" />
  <TestSettings name="default" id="ee2ee30e-216a-47ff-a05b-15c32aac9a79">
    <Deployment runDeploymentRoot="PATHAYAA_DESKTOP-4LLHASP_2026-04-16_15_45_08" />
  </TestSettings>
  <Results>
    <UnitTestResult executionId="c8f65404-b0c1-40ae-b844-0c9dead1282e" testId="687d8ad3-091b-c3d2-0f1d-6f2b8a4e5dec" testName="BlindMatchPAS.Tests.SecurityIntegrationTests.StudentRoute_WithSupervisorRole_IsForbidden" computerName="DESKTOP-4LLHASP" duration="00:00:02.0065301" startTime="2026-04-16T15:45:08.7688358+05:30" endTime="2026-04-16T15:45:08.7688364+05:30" testType="13cdc9d9-ddb5-4fa4-a97d-d965ccfc6d4b" outcome="Passed" testListId="8c84fa94-04c1-424b-9868-57a2d4851a1d" relativeResultsDirectory="c8f65404-b0c1-40ae-b844-0c9dead1282e" />
    <UnitTestResult executionId="8e80a643-8d73-4c25-a356-981717c268dc" testId="73c5a9d6-8685-0493-74ee-35cbe4d4eadc" testName="BlindMatchPAS.Tests.SecurityIntegrationTests.SupervisorRoute_WithStudentRole_IsForbidden" computerName="DESKTOP-4LLHASP" duration="00:00:00.0109144" startTime="2026-04-16T15:45:08.8234628+05:30" endTime="2026-04-16T15:45:08.8234632+05:30" testType="13cdc9d9-ddb5-4fa4-a97d-d965ccfc6d4b" outcome="Passed" testListId="8c84fa94-04c1-424b-9868-57a2d4851a1d" relativeResultsDirectory="8e80a643-8d73-4c25-a356-981717c268dc" />
    <UnitTestResult executionId="030d62bd-9362-4440-b808-3caf91f2aa29" testId="f6ae7076-46a8-83fd-3fbf-089a735abdc2" testName="BlindMatchPAS.Tests.SecurityIntegrationTests.Dashboard_WhenUnauthenticated_ReturnsUnauthorized" computerName="DESKTOP-4LLHASP" duration="00:00:00.0338619" startTime="2026-04-16T15:45:08.8048146+05:30" endTime="2026-04-16T15:45:08.8048148+05:30" testType="13cdc9d9-ddb5-4fa4-a97d-d965ccfc6d4b" outcome="Passed" testListId="8c84fa94-04c1-424b-9868-57a2d4851a1d" relativeResultsDirectory="030d62bd-9362-4440-b808-3caf91f2aa29" />
    <UnitTestResult executionId="4d139083-1a09-4924-bbcf-775c1fff5069" testId="89135f84-f657-73ac-19dc-9ecc74341f0b" testName="BlindMatchPAS.Tests.SecurityIntegrationTests.Dashboard_WithStudentRole_RedirectsToStudentModule" computerName="DESKTOP-4LLHASP" duration="00:00:00.0065964" startTime="2026-04-16T15:45:08.8119827+05:30" endTime="2026-04-16T15:45:08.8119833+05:30" testType="13cdc9d9-ddb5-4fa4-a97d-d965ccfc6d4b" outcome="Passed" testListId="8c84fa94-04c1-424b-9868-57a2d4851a1d" relativeResultsDirectory="4d139083-1a09-4924-bbcf-775c1fff5069" />
    <UnitTestResult executionId="8a74dd1b-86e4-4df7-86bc-b6bc91f2d7b7" testId="557383ca-542d-26c2-7767-60a00ca85bfc" testName="BlindMatchPAS.Tests.StudentRevealTriggerTests.Details_WhenMatched_RevealsStudentAndSupervisorIdentity" computerName="DESKTOP-4LLHASP" duration="00:00:00.7883046" startTime="2026-04-16T15:45:07.5524542+05:30" endTime="2026-04-16T15:45:07.5524544+05:30" testType="13cdc9d9-ddb5-4fa4-a97d-d965ccfc6d4b" outcome="Passed" testListId="8c84fa94-04c1-424b-9868-57a2d4851a1d" relativeResultsDirectory="8a74dd1b-86e4-4df7-86bc-b6bc91f2d7b7" />
    <UnitTestResult executionId="4309dec7-ecc7-4e3b-b7ff-5c180763e4e3" testId="9b0a020d-3ad5-40d3-0f85-8517facebfea" testName="BlindMatchPAS.Tests.StudentRevealTriggerTests.Details_WhenUnmatched_DoesNotRevealIdentity" computerName="DESKTOP-4LLHASP" duration="00:00:00.0408654" startTime="2026-04-16T15:45:07.5886187+05:30" endTime="2026-04-16T15:45:07.5886189+05:30" testType="13cdc9d9-ddb5-4fa4-a97d-d965ccfc6d4b" outcome="Passed" testListId="8c84fa94-04c1-424b-9868-57a2d4851a1d" relativeResultsDirectory="4309dec7-ecc7-4e3b-b7ff-5c180763e4e3" />
    <UnitTestResult executionId="db1f7e82-3e16-47f4-a288-e366e7a5ac48" testId="e33172d0-f864-dc45-320c-cf738865c856" testName="BlindMatchPAS.Tests.MatchingLogicIntegrationTests.ExpressInterest_OnPendingProposal_TransitionsToUnderReview" computerName="DESKTOP-4LLHASP" duration="00:00:00.8287250" startTime="2026-04-16T15:45:07.5868684+05:30" endTime="2026-04-16T15:45:07.5868689+05:30" testType="13cdc9d9-ddb5-4fa4-a97d-d965ccfc6d4b" outcome="Passed" testListId="8c84fa94-04c1-424b-9868-57a2d4851a1d" relativeResultsDirectory="db1f7e82-3e16-47f4-a288-e366e7a5ac48" />
    <UnitTestResult executionId="6726e86d-158e-407c-b13d-7b87e5ef0d64" testId="1f822c7e-b89b-58f7-5764-a971a118e71a" testName="BlindMatchPAS.Tests.StudentValidationTests.Edit_WhenProposalMatched_BlocksUpdate" computerName="DESKTOP-4LLHASP" duration="00:00:00.7860154" startTime="2026-04-16T15:45:07.5483854+05:30" endTime="2026-04-16T15:45:07.5484134+05:30" testType="13cdc9d9-ddb5-4fa4-a97d-d965ccfc6d4b" outcome="Passed" testListId="8c84fa94-04c1-424b-9868-57a2d4851a1d" relativeResultsDirectory="6726e86d-158e-407c-b13d-7b87e5ef0d64" />
    <UnitTestResult executionId="1bb54f60-3232-4a33-b843-a52d3e3506c5" testId="31fd211e-b977-e289-0467-3b824d710df3" testName="BlindMatchPAS.Tests.MatchingLogicIntegrationTests.ConfirmMatch_WithInterest_PersistsAssignment_AndRevealsTriggerState" computerName="DESKTOP-4LLHASP" duration="00:00:00.8757110" startTime="2026-04-16T15:45:08.4627393+05:30" endTime="2026-04-16T15:45:08.4627396+05:30" testType="13cdc9d9-ddb5-4fa4-a97d-d965ccfc6d4b" outcome="Passed" testListId="8c84fa94-04c1-424b-9868-57a2d4851a1d" relativeResultsDirectory="1bb54f60-3232-4a33-b843-a52d3e3506c5" />
    <UnitTestResult executionId="d8e7dc84-9ac5-4c84-8e20-a07807a0cc13" testId="7c48a60f-20a6-9ad5-2648-ccd589e23b4b" testName="BlindMatchPAS.Tests.StudentValidationTests.Create_WithInvalidModel_ReturnsView_AndDoesNotPersist" computerName="DESKTOP-4LLHASP" duration="00:00:00.0491811" startTime="2026-04-16T15:45:07.5972099+05:30" endTime="2026-04-16T15:45:07.5972103+05:30" testType="13cdc9d9-ddb5-4fa4-a97d-d965ccfc6d4b" outcome="Passed" testListId="8c84fa94-04c1-424b-9868-57a2d4851a1d" relativeResultsDirectory="d8e7dc84-9ac5-4c84-8e20-a07807a0cc13" />
  </Results>
  <TestDefinitions>
    <UnitTest name="BlindMatchPAS.Tests.MatchingLogicIntegrationTests.ConfirmMatch_WithInterest_PersistsAssignment_AndRevealsTriggerState" storage="e:\software-development-tools-assignment\blindmatchpas.tests\bin\debug\net9.0\blindmatchpas.tests.dll" id="31fd211e-b977-e289-0467-3b824d710df3">
      <Execution id="1bb54f60-3232-4a33-b843-a52d3e3506c5" />
      <TestMethod codeBase="E:\Software-Development-Tools-Assignment\BlindMatchPAS.Tests\bin\Debug\net9.0\BlindMatchPAS.Tests.dll" adapterTypeName="executor://xunit/VsTestRunner2/netcoreapp" className="BlindMatchPAS.Tests.MatchingLogicIntegrationTests" name="ConfirmMatch_WithInterest_PersistsAssignment_AndRevealsTriggerState" />
    </UnitTest>
    <UnitTest name="BlindMatchPAS.Tests.StudentRevealTriggerTests.Details_WhenUnmatched_DoesNotRevealIdentity" storage="e:\software-development-tools-assignment\blindmatchpas.tests\bin\debug\net9.0\blindmatchpas.tests.dll" id="9b0a020d-3ad5-40d3-0f85-8517facebfea">
      <Execution id="4309dec7-ecc7-4e3b-b7ff-5c180763e4e3" />
      <TestMethod codeBase="E:\Software-Development-Tools-Assignment\BlindMatchPAS.Tests\bin\Debug\net9.0\BlindMatchPAS.Tests.dll" adapterTypeName="executor://xunit/VsTestRunner2/netcoreapp" className="BlindMatchPAS.Tests.StudentRevealTriggerTests" name="Details_WhenUnmatched_DoesNotRevealIdentity" />
    </UnitTest>
    <UnitTest name="BlindMatchPAS.Tests.SecurityIntegrationTests.Dashboard_WithStudentRole_RedirectsToStudentModule" storage="e:\software-development-tools-assignment\blindmatchpas.tests\bin\debug\net9.0\blindmatchpas.tests.dll" id="89135f84-f657-73ac-19dc-9ecc74341f0b">
      <Execution id="4d139083-1a09-4924-bbcf-775c1fff5069" />
      <TestMethod codeBase="E:\Software-Development-Tools-Assignment\BlindMatchPAS.Tests\bin\Debug\net9.0\BlindMatchPAS.Tests.dll" adapterTypeName="executor://xunit/VsTestRunner2/netcoreapp" className="BlindMatchPAS.Tests.SecurityIntegrationTests" name="Dashboard_WithStudentRole_RedirectsToStudentModule" />
    </UnitTest>
    <UnitTest name="BlindMatchPAS.Tests.StudentRevealTriggerTests.Details_WhenMatched_RevealsStudentAndSupervisorIdentity" storage="e:\software-development-tools-assignment\blindmatchpas.tests\bin\debug\net9.0\blindmatchpas.tests.dll" id="557383ca-542d-26c2-7767-60a00ca85bfc">
      <Execution id="8a74dd1b-86e4-4df7-86bc-b6bc91f2d7b7" />
      <TestMethod codeBase="E:\Software-Development-Tools-Assignment\BlindMatchPAS.Tests\bin\Debug\net9.0\BlindMatchPAS.Tests.dll" adapterTypeName="executor://xunit/VsTestRunner2/netcoreapp" className="BlindMatchPAS.Tests.StudentRevealTriggerTests" name="Details_WhenMatched_RevealsStudentAndSupervisorIdentity" />
    </UnitTest>
    <UnitTest name="BlindMatchPAS.Tests.SecurityIntegrationTests.StudentRoute_WithSupervisorRole_IsForbidden" storage="e:\software-development-tools-assignment\blindmatchpas.tests\bin\debug\net9.0\blindmatchpas.tests.dll" id="687d8ad3-091b-c3d2-0f1d-6f2b8a4e5dec">
      <Execution id="c8f65404-b0c1-40ae-b844-0c9dead1282e" />
      <TestMethod codeBase="E:\Software-Development-Tools-Assignment\BlindMatchPAS.Tests\bin\Debug\net9.0\BlindMatchPAS.Tests.dll" adapterTypeName="executor://xunit/VsTestRunner2/netcoreapp" className="BlindMatchPAS.Tests.SecurityIntegrationTests" name="StudentRoute_WithSupervisorRole_IsForbidden" />
    </UnitTest>
    <UnitTest name="BlindMatchPAS.Tests.StudentValidationTests.Create_WithInvalidModel_ReturnsView_AndDoesNotPersist" storage="e:\software-development-tools-assignment\blindmatchpas.tests\bin\debug\net9.0\blindmatchpas.tests.dll" id="7c48a60f-20a6-9ad5-2648-ccd589e23b4b">
      <Execution id="d8e7dc84-9ac5-4c84-8e20-a07807a0cc13" />
      <TestMethod codeBase="E:\Software-Development-Tools-Assignment\BlindMatchPAS.Tests\bin\Debug\net9.0\BlindMatchPAS.Tests.dll" adapterTypeName="executor://xunit/VsTestRunner2/netcoreapp" className="BlindMatchPAS.Tests.StudentValidationTests" name="Create_WithInvalidModel_ReturnsView_AndDoesNotPersist" />
    </UnitTest>
    <UnitTest name="BlindMatchPAS.Tests.SecurityIntegrationTests.SupervisorRoute_WithStudentRole_IsForbidden" storage="e:\software-development-tools-assignment\blindmatchpas.tests\bin\debug\net9.0\blindmatchpas.tests.dll" id="73c5a9d6-8685-0493-74ee-35cbe4d4eadc">
      <Execution id="8e80a643-8d73-4c25-a356-981717c268dc" />
      <TestMethod codeBase="E:\Software-Development-Tools-Assignment\BlindMatchPAS.Tests\bin\Debug\net9.0\BlindMatchPAS.Tests.dll" adapterTypeName="executor://xunit/VsTestRunner2/netcoreapp" className="BlindMatchPAS.Tests.SecurityIntegrationTests" name="SupervisorRoute_WithStudentRole_IsForbidden" />
    </UnitTest>
    <UnitTest name="BlindMatchPAS.Tests.SecurityIntegrationTests.Dashboard_WhenUnauthenticated_ReturnsUnauthorized" storage="e:\software-development-tools-assignment\blindmatchpas.tests\bin\debug\net9.0\blindmatchpas.tests.dll" id="f6ae7076-46a8-83fd-3fbf-089a735abdc2">
      <Execution id="030d62bd-9362-4440-b808-3caf91f2aa29" />
      <TestMethod codeBase="E:\Software-Development-Tools-Assignment\BlindMatchPAS.Tests\bin\Debug\net9.0\BlindMatchPAS.Tests.dll" adapterTypeName="executor://xunit/VsTestRunner2/netcoreapp" className="BlindMatchPAS.Tests.SecurityIntegrationTests" name="Dashboard_WhenUnauthenticated_ReturnsUnauthorized" />
    </UnitTest>
    <UnitTest name="BlindMatchPAS.Tests.StudentValidationTests.Edit_WhenProposalMatched_BlocksUpdate" storage="e:\software-development-tools-assignment\blindmatchpas.tests\bin\debug\net9.0\blindmatchpas.tests.dll" id="1f822c7e-b89b-58f7-5764-a971a118e71a">
      <Execution id="6726e86d-158e-407c-b13d-7b87e5ef0d64" />
      <TestMethod codeBase="E:\Software-Development-Tools-Assignment\BlindMatchPAS.Tests\bin\Debug\net9.0\BlindMatchPAS.Tests.dll" adapterTypeName="executor://xunit/VsTestRunner2/netcoreapp" className="BlindMatchPAS.Tests.StudentValidationTests" name="Edit_WhenProposalMatched_BlocksUpdate" />
    </UnitTest>
    <UnitTest name="BlindMatchPAS.Tests.MatchingLogicIntegrationTests.ExpressInterest_OnPendingProposal_TransitionsToUnderReview" storage="e:\software-development-tools-assignment\blindmatchpas.tests\bin\debug\net9.0\blindmatchpas.tests.dll" id="e33172d0-f864-dc45-320c-cf738865c856">
      <Execution id="db1f7e82-3e16-47f4-a288-e366e7a5ac48" />
      <TestMethod codeBase="E:\Software-Development-Tools-Assignment\BlindMatchPAS.Tests\bin\Debug\net9.0\BlindMatchPAS.Tests.dll" adapterTypeName="executor://xunit/VsTestRunner2/netcoreapp" className="BlindMatchPAS.Tests.MatchingLogicIntegrationTests" name="ExpressInterest_OnPendingProposal_TransitionsToUnderReview" />
    </UnitTest>
  </TestDefinitions>
  <TestEntries>
    <TestEntry testId="687d8ad3-091b-c3d2-0f1d-6f2b8a4e5dec" executionId="c8f65404-b0c1-40ae-b844-0c9dead1282e" testListId="8c84fa94-04c1-424b-9868-57a2d4851a1d" />
    <TestEntry testId="73c5a9d6-8685-0493-74ee-35cbe4d4eadc" executionId="8e80a643-8d73-4c25-a356-981717c268dc" testListId="8c84fa94-04c1-424b-9868-57a2d4851a1d" />
    <TestEntry testId="f6ae7076-46a8-83fd-3fbf-089a735abdc2" executionId="030d62bd-9362-4440-b808-3caf91f2aa29" testListId="8c84fa94-04c1-424b-9868-57a2d4851a1d" />
    <TestEntry testId="89135f84-f657-73ac-19dc-9ecc74341f0b" executionId="4d139083-1a09-4924-bbcf-775c1fff5069" testListId="8c84fa94-04c1-424b-9868-57a2d4851a1d" />
    <TestEntry testId="557383ca-542d-26c2-7767-60a00ca85bfc" executionId="8a74dd1b-86e4-4df7-86bc-b6bc91f2d7b7" testListId="8c84fa94-04c1-424b-9868-57a2d4851a1d" />
    <TestEntry testId="9b0a020d-3ad5-40d3-0f85-8517facebfea" executionId="4309dec7-ecc7-4e3b-b7ff-5c180763e4e3" testListId="8c84fa94-04c1-424b-9868-57a2d4851a1d" />
    <TestEntry testId="e33172d0-f864-dc45-320c-cf738865c856" executionId="db1f7e82-3e16-47f4-a288-e366e7a5ac48" testListId="8c84fa94-04c1-424b-9868-57a2d4851a1d" />
    <TestEntry testId="1f822c7e-b89b-58f7-5764-a971a118e71a" executionId="6726e86d-158e-407c-b13d-7b87e5ef0d64" testListId="8c84fa94-04c1-424b-9868-57a2d4851a1d" />
    <TestEntry testId="31fd211e-b977-e289-0467-3b824d710df3" executionId="1bb54f60-3232-4a33-b843-a52d3e3506c5" testListId="8c84fa94-04c1-424b-9868-57a2d4851a1d" />
    <TestEntry testId="7c48a60f-20a6-9ad5-2648-ccd589e23b4b" executionId="d8e7dc84-9ac5-4c84-8e20-a07807a0cc13" testListId="8c84fa94-04c1-424b-9868-57a2d4851a1d" />
  </TestEntries>
  <TestLists>
    <TestList name="Results Not in a List" id="8c84fa94-04c1-424b-9868-57a2d4851a1d" />
    <TestList name="All Loaded Results" id="19431567-8539-422a-85d7-44ee4e166bda" />
  </TestLists>
  <ResultSummary outcome="Completed">
    <Counters total="10" executed="10" passed="10" failed="0" error="0" timeout="0" aborted="0" inconclusive="0" passedButRunAborted="0" notRunnable="0" notExecuted="0" disconnected="0" warning="0" completed="0" inProgress="0" pending="0" />
    <Output>
      <StdOut>[xUnit.net 00:00:00.00] xUnit.net VSTest Adapter v2.8.2+699d445a1a (64-bit .NET 9.0.8)&#xD;
[xUnit.net 00:00:00.10]   Discovering: BlindMatchPAS.Tests&#xD;
[xUnit.net 00:00:00.15]   Discovered:  BlindMatchPAS.Tests&#xD;
[xUnit.net 00:00:00.15]   Starting:    BlindMatchPAS.Tests&#xD;
info: Microsoft.EntityFrameworkCore.Update[30100]&#xD;
      Saved 1 entities to in-memory store.&#xD;
info: Microsoft.EntityFrameworkCore.Update[30100]&#xD;
      Saved 1 entities to in-memory store.&#xD;
info: Microsoft.EntityFrameworkCore.Update[30100]&#xD;
      Saved 1 entities to in-memory store.&#xD;
info: Microsoft.EntityFrameworkCore.Update[30100]&#xD;
      Saved 1 entities to in-memory store.&#xD;
info: Microsoft.EntityFrameworkCore.Update[30100]&#xD;
      Saved 1 entities to in-memory store.&#xD;
info: Microsoft.EntityFrameworkCore.Update[30100]&#xD;
      Saved 2 entities to in-memory store.&#xD;
info: Microsoft.EntityFrameworkCore.Update[30100]&#xD;
      Saved 1 entities to in-memory store.&#xD;
info: Microsoft.EntityFrameworkCore.Update[30100]&#xD;
      Saved 1 entities to in-memory store.&#xD;
info: Microsoft.EntityFrameworkCore.Update[30100]&#xD;
      Saved 2 entities to in-memory store.&#xD;
info: Microsoft.EntityFrameworkCore.Update[30100]&#xD;
      Saved 1 entities to in-memory store.&#xD;
info: Microsoft.EntityFrameworkCore.Update[30100]&#xD;
      Saved 1 entities to in-memory store.&#xD;
info: Microsoft.EntityFrameworkCore.Update[30100]&#xD;
      Saved 2 entities to in-memory store.&#xD;
info: Microsoft.EntityFrameworkCore.Update[30100]&#xD;
      Saved 1 entities to in-memory store.&#xD;
info: Microsoft.EntityFrameworkCore.Update[30100]&#xD;
      Saved 2 entities to in-memory store.&#xD;
warn: Microsoft.AspNetCore.HttpsPolicy.HttpsRedirectionMiddleware[3]&#xD;
      Failed to determine the https port for redirect.&#xD;
info: BlindMatchPAS.Tests.HeaderAuthHandler[13]&#xD;
      AuthenticationScheme: HeaderTestAuth was forbidden.&#xD;
info: BlindMatchPAS.Tests.HeaderAuthHandler[12]&#xD;
      AuthenticationScheme: HeaderTestAuth was challenged.&#xD;
info: BlindMatchPAS.Tests.HeaderAuthHandler[13]&#xD;
      AuthenticationScheme: HeaderTestAuth was forbidden.&#xD;
[xUnit.net 00:00:02.27]   Finished:    BlindMatchPAS.Tests&#xD;
</StdOut>
    </Output>
  </ResultSummary>
</TestRun>